 --- BIN FILE READ: COSY
   9683 INCLUDE 'COSY' ;
   9684   PROCEDURE RUN ;
   9685     VARIABLE I 1 ;
   9686     VARIABLE REFRESH 1 ;
   9687     VARIABLE DL1 1 ;
   9688     VARIABLE DL2 1 ;
   9689     VARIABLE CCT12_APER 1 ;
   9690     VARIABLE CCT345_APER 1 ;
   9691     VARIABLE CCT1_ANG 1 ;
   9692     VARIABLE CCT2_ANG 1 ;
   9693     VARIABLE CCT3_ANG 1 ;
   9694     VARIABLE CCT12_ANG_MIN 1 ;
   9695     VARIABLE CCT345_ANG_MIN 1 ;
   9696     VARIABLE CCT4_ANG 1 ;
   9697     VARIABLE CCT5_ANG 1 ;
   9698     VARIABLE CCT12_N 1 ;
   9699     VARIABLE CCT345_N 1 ;
   9700     VARIABLE CCT12_R 1 ;
   9701     VARIABLE CCT345_R 1 ;
   9702     VARIABLE QS1_LEN 1 ;
   9703     VARIABLE QS1_Q 1 ;
   9704     VARIABLE QS1_S 1 ;
   9705     VARIABLE QS1_APER 1 ;
   9706     VARIABLE QS2_LEN 1 ;
   9707     VARIABLE QS2_Q 1 ;
   9708     VARIABLE QS2_S 1 ;
   9709     VARIABLE QS2_APER 1 ;
   9710     VARIABLE QS3_LEN 1 ;
   9711     VARIABLE QS3_Q 1 ;
   9712     VARIABLE QS3_S 1 ;
   9713     VARIABLE QS3_APER 1 ;
   9714     VARIABLE GAP1 1 ;
   9715     VARIABLE GAP2 1 ;
   9716     VARIABLE GAP3 1 ;
   9717     VARIABLE OBJ_ANG45 1 ;
   9718     VARIABLE OBJ_ANG135 1 ;
   9719     VARIABLE OBJ_R16_1 1 ;
   9720     VARIABLE OBJ_R16_2 1;
   9721     VARIABLE OBJ_R26_1 1 ;
   9722     VARIABLE OBJ_R26_2 1;
   9723     VARIABLE OBJ_R11_1 1 ;
   9724     VARIABLE OBJ_R11_2 1;
   9725     VARIABLE OBJ_R12_1 1 ;
   9726     VARIABLE OBJ_R12_2 1;
   9727     VARIABLE OBJ_R21_1 1 ;
   9728     VARIABLE OBJ_R21_2 1;
   9729     VARIABLE OBJ_R33_1 1 ;
   9730     VARIABLE OBJ_R33_2 1;
   9731     VARIABLE OBJ_R34_1 1 ;
   9732     VARIABLE OBJ_R34_2 1;
   9733     VARIABLE OBJ_R43_1 1 ;
   9734     VARIABLE OBJ_R43_2 1;
   9735     VARIABLE OBJ_T126_1 1 ;
   9736     VARIABLE OBJ_T126_2 1;
   9737     VARIABLE OBJ_T226_1 1 ;
   9738     VARIABLE OBJ_T226_2 1;
   9739     VARIABLE OBJ_T346_1 1 ;
   9740     VARIABLE OBJ_T346_2 1;
   9741     VARIABLE OBJ_T446_1 1 ;
   9742     VARIABLE OBJ_T446_2 1;
   9743     VARIABLE OBJ_SIGMA11_1 1 ;
   9744     VARIABLE OBJ_SIGMA11_2 1 ;
   9745     VARIABLE OBJ_SIGMA33_1 1 ;
   9746     VARIABLE OBJ_SIGMA33_2 1 ;
   9747     VARIABLE OBJ_ALIGN 1 ;
   9748     VARIABLE INPUT_FILE 1;
   9749     VARIABLE OUTFPUT_FILE 1;
   9750     VARIABLE LINE 1000;
   9751     VARIABLE INPUT_NUMBER 1;
   9752     VARIABLE CURRENT_ID 1;
   9753     FUNCTION SQUA X ;
   9754       SQUA := X * X ;
   9755       ENDFUNCTION ;
   9756     I := 0 ;
   9757     REFRESH := 1 ;
   9758     CCT12_R := 1.00 ;
   9759     CCT345_R := 1.00 ;
   9760     CCT12_APER := 0.020 ;
   9761     CCT345_APER := 0.060 ;
   9762     QS1_APER := 0.030 ;
   9763     QS2_APER := 0.030 ;
   9764     QS3_APER := 0.060 ;
   9765     CCT12_ANG_MIN := 5.0 ;
   9766     CCT345_ANG_MIN := 8 ;
   9767     DL1 := 1.1759 ;
   9768     QS1_LEN := 0.2;
   9769     QS2_LEN := 0.2;
   9770     GAP1 := 0.15 ;
   9771     GAP2 := 0.15 ;
   9772     CCT1_ANG:= 4.116696651312341;
   9773     CCT2_ANG:= 8.383304669429050;
   9774     CCT12_N:=-13.63885007227421;
   9775     QS1_Q:= 1.596245173043834;
   9776     QS2_Q:=-1.133857472311528;
   9777     QS1_S:=0.1877291149237406;
   9778     QS2_S:=-.3158579746136076;
   9779     DL2 := 2.40 ;
   9780     QS3_LEN := 0.2;
   9781     GAP3:=0.2585751675857585;
   9782     CCT3_ANG:=0.3926893224425800E-005;
   9783     CCT4_ANG:= 21.99845340255313;
   9784     CCT5_ANG:= 21.50155751013952;
   9785     CCT345_N:=-4.216451945875646;
   9786     QS3_Q:=0.4569;
   9787     QS3_S:=-0.7157;
   9788     INPUT_FILE := 8;
   9789     OUTFPUT_FILE := 9;
   9790     OPENF INPUT_FILE 'input.txt' 'OLD' ;
   9791     OPENF OUTFPUT_FILE 'output.txt' 'REPLACE';
   9792     READ INPUT_FILE LINE;
   9793     READ INPUT_FILE LINE;
   9794     INPUT_NUMBER := RE(LINE);
   9795     WRITE OUTFPUT_FILE 'ID OBJ_ANG45 OBJ_R16_1 OBJ_R26_1 OBJ_R12_1 OBJ
                  _R34_1 OBJ_R11_1 OBJ_R33_1 OBJ_R21_1 OBJ_R43_1 OBJ_T126_1 OB
                  J_T346_1' ;
   9796     WRITE OUTFPUT_FILE 'ID OBJ_R16_2 OBJ_R26_2 OBJ_R12_2 OBJ_R34_2 OBJ
                  _R11_2 OBJ_R33_2 OBJ_T126_2 OBJ_T346_2 OBJ_T226_2 OBJ_T446_2
                   OBJ_ALIGN' ;
   9797     CURRENT_ID := 0;
   9798     WRITE 6 INPUT_NUMBER;
   9799     WHILE CURRENT_ID<INPUT_NUMBER ;
   9800       READ INPUT_FILE LINE;
   9801       CURRENT_ID := RE(LINE);
   9802       WRITE 6 'COMPUTING '&ST(CURRENT_ID);
   9803       READ INPUT_FILE LINE;
   9804       DL1 := RE(LINE);
   9805       READ INPUT_FILE LINE;
   9806       QS1_LEN := RE(LINE);
   9807       READ INPUT_FILE LINE;
   9808       QS2_LEN := RE(LINE);
   9809       READ INPUT_FILE LINE;
   9810       GAP1 := RE(LINE);
   9811       READ INPUT_FILE LINE;
   9812       GAP2 := RE(LINE);
   9813       READ INPUT_FILE LINE;
   9814       CCT1_ANG := RE(LINE);
   9815       READ INPUT_FILE LINE;
   9816       CCT2_ANG := RE(LINE);
   9817       READ INPUT_FILE LINE;
   9818       CCT12_N := RE(LINE);
   9819       READ INPUT_FILE LINE;
   9820       QS1_Q := RE(LINE);
   9821       READ INPUT_FILE LINE;
   9822       QS2_Q := RE(LINE);
   9823       READ INPUT_FILE LINE;
   9824       QS1_S := RE(LINE);
   9825       READ INPUT_FILE LINE;
   9826       QS2_S := RE(LINE);
   9827       READ INPUT_FILE LINE;
   9828       DL2 := RE(LINE);
   9829       READ INPUT_FILE LINE;
   9830       QS3_LEN := RE(LINE);
   9831       READ INPUT_FILE LINE;
   9832       GAP3 := RE(LINE);
   9833       READ INPUT_FILE LINE;
   9834       CCT3_ANG := RE(LINE);
   9835       READ INPUT_FILE LINE;
   9836       CCT4_ANG := RE(LINE);
   9837       READ INPUT_FILE LINE;
   9838       CCT5_ANG := RE(LINE);
   9839       READ INPUT_FILE LINE;
   9840       CCT345_N := RE(LINE);
   9841       READ INPUT_FILE LINE;
   9842       QS3_Q := RE(LINE);
   9843       READ INPUT_FILE LINE;
   9844       QS3_S := RE(LINE);
   9845       OV 2 3 0 ; %OV:  918
   9846       RPP 250 ; %RPP: 6362
   9847       SB 3.5E-3 7.5E-3 0    3.5E-3 7.5E-3 0    0 0 0 0 0; %SB: 1007
   9848       CR ; %CR:  896
   9849       ENVEL ; %ENVEL: 2104
   9850       UM ; %UM: 1452
   9851       DL ABS(DL1) ; %DL: 6534
   9852       CB ; %CB: 7002
   9853       MS CCT12_R ABS(CCT1_ANG)+CCT12_ANG_MIN CCT12_APER CCT12_N 0 0 0 
                  0; %MS: 7788
   9854       CB ; %CB: 7002
   9855       CB ; %CB: 7002
   9856       MS CCT12_R ABS(CCT2_ANG)+CCT12_ANG_MIN CCT12_APER -CCT12_N 0 0 0
                   0; %MS: 7788
   9857       CB ; %CB: 7002
   9858       DL ABS(GAP1); %DL: 6534
   9859       M5 ABS(QS1_LEN) QS1_Q QS1_S 0 0 0 QS1_APER; %M5: 7196
   9860       DL ABS(GAP2); %DL: 6534
   9861       M5 ABS(QS2_LEN) QS2_Q QS2_S 0 0 0 QS2_APER; %M5: 7196
   9862       DL ABS(GAP2); %DL: 6534
   9863       M5 ABS(QS1_LEN) QS1_Q QS1_S 0 0 0 QS1_APER; %M5: 7196
   9864       DL ABS(GAP1); %DL: 6534
   9865       CB ; %CB: 7002
   9866       MS CCT12_R ABS(CCT2_ANG)+CCT12_ANG_MIN CCT12_APER -CCT12_N 0 0 0
                   0; %MS: 7788
   9867       CB ; %CB: 7002
   9868       CB ; %CB: 7002
   9869       MS CCT12_R ABS(CCT1_ANG)+CCT12_ANG_MIN CCT12_APER CCT12_N 0 0 0 
                  0; %MS: 7788
   9870       CB ; %CB: 7002
   9871       DL ABS(DL1) ; %DL: 6534
   9872       OBJ_ANG45 := (ABS(CCT1_ANG)+CCT12_ANG_MIN + ABS(CCT2_ANG))+CCT12
                  _ANG_MIN - 22.5 ;
   9873       OBJ_R16_1 := ABS(ME(1,6)) ; %ME:  465
   9874       OBJ_R26_1 := ABS(ME(2,6)) ; %ME:  465
   9875       OBJ_R12_1 := ME(1,2); %ME:  465
   9876       OBJ_R34_1 := ME(3,4); %ME:  465
   9877       OBJ_R11_1 := ABS(ME(1,1))- 1. ; %ME:  465
   9878       OBJ_R33_1 := ABS(ME(3,3))- 1.; %ME:  465
   9879       OBJ_R21_1 := ME(2,1); %ME:  465
   9880       OBJ_R43_1 := ME(4,3) ; %ME:  465
   9881       OBJ_T126_1 := ABS(ME(1,26)) ; %ME:  465
   9882       OBJ_T346_1 := ABS(ME(3,46)) ; %ME:  465
   9883       DL ABS(DL2) ; %DL: 6534
   9884       MS CCT345_R ABS(CCT3_ANG)+CCT345_ANG_MIN CCT345_APER CCT345_N 0 
                  0 0 0; %MS: 7788
   9885       MS CCT345_R ABS(CCT4_ANG)+CCT345_ANG_MIN CCT345_APER -CCT345_N 0
                   0 0 0; %MS: 7788
   9886       MS CCT345_R ABS(CCT5_ANG)+CCT345_ANG_MIN CCT345_APER CCT345_N 0 
                  0 0 0; %MS: 7788
   9887       DL ABS(GAP3); %DL: 6534
   9888       M5 ABS(QS3_LEN) QS3_Q QS3_S 0 0 0 QS3_APER; %M5: 7196
   9889       DL ABS(GAP3); %DL: 6534
   9890       MS CCT345_R ABS(CCT5_ANG)+CCT345_ANG_MIN CCT345_APER CCT345_N 0 
                  0 0 0; %MS: 7788
   9891       MS CCT345_R ABS(CCT4_ANG)+CCT345_ANG_MIN CCT345_APER -CCT345_N 0
                   0 0 0; %MS: 7788
   9892       MS CCT345_R ABS(CCT3_ANG)+CCT345_ANG_MIN CCT345_APER CCT345_N 0 
                  0 0 0; %MS: 7788
   9893       DL ABS(DL2) ; %DL: 6534
   9894       OBJ_R16_2 := ABS(ME(1,6)) ; %ME:  465
   9895       OBJ_R26_2 := ABS(ME(2,6)) ; %ME:  465
   9896       OBJ_R12_2 := ME(1,2) *1 ; %ME:  465
   9897       OBJ_R34_2 := ME(3,4) *1 ; %ME:  465
   9898       OBJ_R11_2 := ABS(ME(1,1))- 1 ; %ME:  465
   9899       OBJ_R33_2 := ABS(ME(3,3))- 1; %ME:  465
   9900       OBJ_T126_2 := ABS(ME(1,26)) ; %ME:  465
   9901       OBJ_T346_2 := ABS(ME(3,46)) ; %ME:  465
   9902       OBJ_T226_2 := ABS(ME(2,26)) ; %ME:  465
   9903       OBJ_T446_2 := ABS(ME(4,46)) ; %ME:  465
   9904       OBJ_ALIGN := (GAP1*2+GAP2*2+QS1_LEN*2+QS2_LEN)*SIN(22.5/180*3.14
                  159)+(DL1+DL2)*SIN(45/180*3.14159)-(GAP3*2+QS3_LEN)*SIN(22.5
                  /180*3.14159)-DL2-1.00*(SQRT(2)-1);
   9905       WRITE OUTFPUT_FILE ST(CURRENT_ID)&' '&ST(OBJ_R16_2)&' '&ST(OBJ_R
                  26_2)&' '&ST(OBJ_R12_2)&' '&ST(OBJ_R34_2)&' '&ST(OBJ_R11_2)&
                  ' '&ST(OBJ_R33_2)&' '&ST(OBJ_T126_2)&' '&ST(OBJ_T346_2)&' '&
                  ST(OBJ_T226_2)&' '&ST(OBJ_T446_2)&' '&ST(OBJ_ALIGN);
   9906       ENDWHILE ;
   9907     CLOSEF INPUT_FILE;
   9908     CLOSEF OUTFPUT_FILE;
   9909     ENDPROCEDURE ;
   9910   RUN ; %RUN: 9684
